0 info it worked if it ends with ok
1 verbose cli [ '/usr/local/bin/node',
1 verbose cli   '/usr/local/bin/npm',
1 verbose cli   'install',
1 verbose cli   '--save-dev',
1 verbose cli   'xlsjs' ]
2 info using npm@3.3.12
3 info using node@v5.5.0
4 silly loadCurrentTree Starting
5 silly install loadCurrentTree
6 silly install readLocalPackageData
7 silly rollbackFailedOptional Starting
8 silly rollbackFailedOptional Finishing
9 silly runTopLevelLifecycles Starting
10 silly runTopLevelLifecycles Finishing
11 silly install printInstalled
12 verbose stack Error: ENOENT: no such file or directory, stat '/Users/yangyoucun/Documents/jsExcel/node_modules/readable-stream/node_modules/inherits'
12 verbose stack     at Error (native)
13 verbose cwd /Users/yangyoucun/Documents/jsExcel
14 error Darwin 15.3.0
15 error argv "/usr/local/bin/node" "/usr/local/bin/npm" "install" "--save-dev" "xlsjs"
16 error node v5.5.0
17 error npm  v3.3.12
18 error path /Users/yangyoucun/Documents/jsExcel/node_modules/readable-stream/node_modules/inherits
19 error code ENOENT
20 error errno -2
21 error syscall stat
22 error enoent ENOENT: no such file or directory, stat '/Users/yangyoucun/Documents/jsExcel/node_modules/readable-stream/node_modules/inherits'
22 error enoent This is most likely not a problem with npm itself
22 error enoent and is related to npm not being able to find a file.
23 verbose exit [ -2, true ]
